/home/yg/follow-cart/follow-cart/follow_cart/install/follow_cart/lib/python3.10/site-packages/follow_cart/dial_gui.py
/home/yg/follow-cart/follow-cart/follow_cart/install/follow_cart/lib/python3.10/site-packages/follow_cart/follower_controller.py
/home/yg/follow-cart/follow-cart/follow_cart/install/follow_cart/lib/python3.10/site-packages/follow_cart/velocity_calculator.py
/home/yg/follow-cart/follow-cart/follow_cart/install/follow_cart/lib/python3.10/site-packages/follow_cart/convoy_controller.py
/home/yg/follow-cart/follow-cart/follow_cart/install/follow_cart/lib/python3.10/site-packages/follow_cart/formation_keeper.py
/home/yg/follow-cart/follow-cart/follow_cart/install/follow_cart/lib/python3.10/site-packages/follow_cart/__init__.py
/home/yg/follow-cart/follow-cart/follow_cart/install/follow_cart/lib/python3.10/site-packages/follow_cart/__pycache__/dial_gui.cpython-310.pyc
/home/yg/follow-cart/follow-cart/follow_cart/install/follow_cart/lib/python3.10/site-packages/follow_cart/__pycache__/follower_controller.cpython-310.pyc
/home/yg/follow-cart/follow-cart/follow_cart/install/follow_cart/lib/python3.10/site-packages/follow_cart/__pycache__/velocity_calculator.cpython-310.pyc
/home/yg/follow-cart/follow-cart/follow_cart/install/follow_cart/lib/python3.10/site-packages/follow_cart/__pycache__/convoy_controller.cpython-310.pyc
/home/yg/follow-cart/follow-cart/follow_cart/install/follow_cart/lib/python3.10/site-packages/follow_cart/__pycache__/formation_keeper.cpython-310.pyc
/home/yg/follow-cart/follow-cart/follow_cart/install/follow_cart/lib/python3.10/site-packages/follow_cart/__pycache__/__init__.cpython-310.pyc
/home/yg/follow-cart/follow-cart/follow_cart/install/follow_cart/share/ament_index/resource_index/packages/follow_cart
/home/yg/follow-cart/follow-cart/follow_cart/install/follow_cart/share/follow_cart/package.xml
/home/yg/follow-cart/follow-cart/follow_cart/install/follow_cart/share/follow_cart/launch/cart_sim.launch.py
/home/yg/follow-cart/follow-cart/follow_cart/install/follow_cart/share/follow_cart/launch/__pycache__/cart_sim.launch.cpython-310.pyc
/home/yg/follow-cart/follow-cart/follow_cart/install/follow_cart/share/follow_cart/worlds/empty.world
/home/yg/follow-cart/follow-cart/follow_cart/install/follow_cart/share/follow_cart/models/convoy/model.config
/home/yg/follow-cart/follow-cart/follow_cart/install/follow_cart/share/follow_cart/models/convoy/model.sdf
/home/yg/follow-cart/follow-cart/follow_cart/install/follow_cart/share/follow_cart/models/convoy/meshes/JetBot-v3-Chassis.dae
/home/yg/follow-cart/follow-cart/follow_cart/install/follow_cart/share/follow_cart/models/convoy/meshes/lidar-base.dae
/home/yg/follow-cart/follow-cart/follow_cart/install/follow_cart/share/follow_cart/models/convoy/meshes/JetBot-v3-Wheel.stl
/home/yg/follow-cart/follow-cart/follow_cart/install/follow_cart/share/follow_cart/models/turtlebot3_common/model.config
/home/yg/follow-cart/follow-cart/follow_cart/install/follow_cart/share/follow_cart/models/turtlebot3_common/meshes/r200.dae
/home/yg/follow-cart/follow-cart/follow_cart/install/follow_cart/share/follow_cart/models/turtlebot3_common/meshes/tire.dae
/home/yg/follow-cart/follow-cart/follow_cart/install/follow_cart/share/follow_cart/models/turtlebot3_common/meshes/burger_base.dae
/home/yg/follow-cart/follow-cart/follow_cart/install/follow_cart/share/follow_cart/models/turtlebot3_common/meshes/waffle_base.dae
/home/yg/follow-cart/follow-cart/follow_cart/install/follow_cart/share/follow_cart/models/turtlebot3_common/meshes/lds.dae
/home/yg/follow-cart/follow-cart/follow_cart/install/follow_cart/share/follow_cart/models/turtlebot3_common/meshes/waffle_pi_base.dae
/home/yg/follow-cart/follow-cart/follow_cart/install/follow_cart/share/follow_cart/models/follow_cart_1/model.config
/home/yg/follow-cart/follow-cart/follow_cart/install/follow_cart/share/follow_cart/models/follow_cart_1/model-1_4_.sdf
/home/yg/follow-cart/follow-cart/follow_cart/install/follow_cart/share/follow_cart/models/follow_cart_1/model.sdf
/home/yg/follow-cart/follow-cart/follow_cart/install/follow_cart/share/follow_cart/models/follow_cart_2/model.config
/home/yg/follow-cart/follow-cart/follow_cart/install/follow_cart/share/follow_cart/models/follow_cart_2/model-1_4_.sdf
/home/yg/follow-cart/follow-cart/follow_cart/install/follow_cart/share/follow_cart/models/follow_cart_2/model.sdf
/home/yg/follow-cart/follow-cart/follow_cart/install/follow_cart/share/follow_cart/models/follow_cart_3/model.config
/home/yg/follow-cart/follow-cart/follow_cart/install/follow_cart/share/follow_cart/models/follow_cart_3/model-1_4_.sdf
/home/yg/follow-cart/follow-cart/follow_cart/install/follow_cart/share/follow_cart/models/follow_cart_3/model.sdf
/home/yg/follow-cart/follow-cart/follow_cart/install/follow_cart/share/follow_cart/rviz/convoy_and_fc1.rviz
/home/yg/follow-cart/follow-cart/follow_cart/install/follow_cart/share/follow_cart/rviz/nav2_config_object_following.rviz
/home/yg/follow-cart/follow-cart/follow_cart/install/follow_cart/share/follow_cart/maps/map.yaml
/home/yg/follow-cart/follow-cart/follow_cart/install/follow_cart/share/follow_cart/maps/map_rotated.png
/home/yg/follow-cart/follow-cart/follow_cart/install/follow_cart/share/follow_cart/maps/map.pgm
/home/yg/follow-cart/follow-cart/follow_cart/install/follow_cart/share/follow_cart/maps/map_rotated.pgm
/home/yg/follow-cart/follow-cart/follow_cart/install/follow_cart/share/follow_cart/config/fc3_ekf.yaml
/home/yg/follow-cart/follow-cart/follow_cart/install/follow_cart/share/follow_cart/config/fc1_planner_server.yaml
/home/yg/follow-cart/follow-cart/follow_cart/install/follow_cart/share/follow_cart/config/convoy_amcl_config.yaml
/home/yg/follow-cart/follow-cart/follow_cart/install/follow_cart/share/follow_cart/config/follow_point_bt.xml
/home/yg/follow-cart/follow-cart/follow_cart/install/follow_cart/share/follow_cart/config/fc1_ekf.yaml
/home/yg/follow-cart/follow-cart/follow_cart/install/follow_cart/share/follow_cart/config/fc2_ekf.yaml
/home/yg/follow-cart/follow-cart/follow_cart/install/follow_cart/share/follow_cart/config/fc1_controller.yaml
/home/yg/follow-cart/follow-cart/follow_cart/install/follow_cart/share/follow_cart/config/fc3_controller.yaml
/home/yg/follow-cart/follow-cart/follow_cart/install/follow_cart/share/follow_cart/config/convoy_controller.yaml
/home/yg/follow-cart/follow-cart/follow_cart/install/follow_cart/share/follow_cart/config/convoy_recovery.yaml
/home/yg/follow-cart/follow-cart/follow_cart/install/follow_cart/share/follow_cart/config/fc3_bt_navigator.yaml
/home/yg/follow-cart/follow-cart/follow_cart/install/follow_cart/share/follow_cart/config/fc1_bt_navigator.yaml
/home/yg/follow-cart/follow-cart/follow_cart/install/follow_cart/share/follow_cart/config/convoy_ekf.yaml
/home/yg/follow-cart/follow-cart/follow_cart/install/follow_cart/share/follow_cart/config/fc2_bt_navigator.yaml
/home/yg/follow-cart/follow-cart/follow_cart/install/follow_cart/share/follow_cart/config/fc2_controller.yaml
/home/yg/follow-cart/follow-cart/follow_cart/install/follow_cart/share/follow_cart/config/fc2_amcl_config.yaml
/home/yg/follow-cart/follow-cart/follow_cart/install/follow_cart/share/follow_cart/config/fc2_planner_server.yaml
/home/yg/follow-cart/follow-cart/follow_cart/install/follow_cart/share/follow_cart/config/fc1_amcl_config.yaml
/home/yg/follow-cart/follow-cart/follow_cart/install/follow_cart/share/follow_cart/config/follow_cart_1_nav2_object_following_params.yaml
/home/yg/follow-cart/follow-cart/follow_cart/install/follow_cart/share/follow_cart/config/convoy_planner_server.yaml
/home/yg/follow-cart/follow-cart/follow_cart/install/follow_cart/share/follow_cart/config/fc3_planner_server.yaml
/home/yg/follow-cart/follow-cart/follow_cart/install/follow_cart/share/follow_cart/config/fc1_recovery.yaml
/home/yg/follow-cart/follow-cart/follow_cart/install/follow_cart/share/follow_cart/config/fc3_recovery.yaml
/home/yg/follow-cart/follow-cart/follow_cart/install/follow_cart/share/follow_cart/config/fc3_amcl_config.yaml
/home/yg/follow-cart/follow-cart/follow_cart/install/follow_cart/share/follow_cart/config/fc2_recovery.yaml
/home/yg/follow-cart/follow-cart/follow_cart/install/follow_cart/share/follow_cart/config/convoy_bt_navigator.yaml
/home/yg/follow-cart/follow-cart/follow_cart/install/follow_cart/share/follow_cart/urdf/convoy/jetbot.gazebo.xacro
/home/yg/follow-cart/follow-cart/follow_cart/install/follow_cart/share/follow_cart/urdf/convoy/jetbot.urdf
/home/yg/follow-cart/follow-cart/follow_cart/install/follow_cart/share/follow_cart/urdf/follow_cart/turtlebot3_waffle_pi.urdf
/home/yg/follow-cart/follow-cart/follow_cart/install/follow_cart/share/follow_cart/meshes/convoy/JetBot-v3-Chassis.dae
/home/yg/follow-cart/follow-cart/follow_cart/install/follow_cart/share/follow_cart/meshes/convoy/JetBot-v3-Chassis.dae.1
/home/yg/follow-cart/follow-cart/follow_cart/install/follow_cart/share/follow_cart/meshes/convoy/LICENSE
/home/yg/follow-cart/follow-cart/follow_cart/install/follow_cart/share/follow_cart/meshes/convoy/lidar-base.dae
/home/yg/follow-cart/follow-cart/follow_cart/install/follow_cart/share/follow_cart/meshes/convoy/JetBot-v3-Wheel.stl
/home/yg/follow-cart/follow-cart/follow_cart/install/follow_cart/share/follow_cart/meshes/follow_cart/r200.dae
/home/yg/follow-cart/follow-cart/follow_cart/install/follow_cart/share/follow_cart/meshes/follow_cart/tire.dae
/home/yg/follow-cart/follow-cart/follow_cart/install/follow_cart/share/follow_cart/meshes/follow_cart/burger_base.dae
/home/yg/follow-cart/follow-cart/follow_cart/install/follow_cart/share/follow_cart/meshes/follow_cart/waffle_base.dae
/home/yg/follow-cart/follow-cart/follow_cart/install/follow_cart/share/follow_cart/meshes/follow_cart/waffle_pi_base.stl
/home/yg/follow-cart/follow-cart/follow_cart/install/follow_cart/share/follow_cart/meshes/follow_cart/right_tire.stl
/home/yg/follow-cart/follow-cart/follow_cart/install/follow_cart/share/follow_cart/meshes/follow_cart/lds.dae
/home/yg/follow-cart/follow-cart/follow_cart/install/follow_cart/share/follow_cart/meshes/follow_cart/left_tire.stl
/home/yg/follow-cart/follow-cart/follow_cart/install/follow_cart/share/follow_cart/meshes/follow_cart/waffle_pi_base.dae
/home/yg/follow-cart/follow-cart/follow_cart/install/follow_cart/lib/python3.10/site-packages/follow_cart-0.0.0-py3.10.egg-info/top_level.txt
/home/yg/follow-cart/follow-cart/follow_cart/install/follow_cart/lib/python3.10/site-packages/follow_cart-0.0.0-py3.10.egg-info/requires.txt
/home/yg/follow-cart/follow-cart/follow_cart/install/follow_cart/lib/python3.10/site-packages/follow_cart-0.0.0-py3.10.egg-info/SOURCES.txt
/home/yg/follow-cart/follow-cart/follow_cart/install/follow_cart/lib/python3.10/site-packages/follow_cart-0.0.0-py3.10.egg-info/entry_points.txt
/home/yg/follow-cart/follow-cart/follow_cart/install/follow_cart/lib/python3.10/site-packages/follow_cart-0.0.0-py3.10.egg-info/PKG-INFO
/home/yg/follow-cart/follow-cart/follow_cart/install/follow_cart/lib/python3.10/site-packages/follow_cart-0.0.0-py3.10.egg-info/zip-safe
/home/yg/follow-cart/follow-cart/follow_cart/install/follow_cart/lib/python3.10/site-packages/follow_cart-0.0.0-py3.10.egg-info/dependency_links.txt
/home/yg/follow-cart/follow-cart/follow_cart/install/follow_cart/lib/follow_cart/convoy_controller
/home/yg/follow-cart/follow-cart/follow_cart/install/follow_cart/lib/follow_cart/follower_controller
