[0.066s] DEBUG:colcon:Command line arguments: ['/usr/bin/colcon', 'build']
[0.066s] DEBUG:colcon:Parsed command line arguments: Namespace(log_base=None, log_level=None, verb_name='build', build_base='build', install_base='install', merge_install=False, symlink_install=False, test_result_base=None, continue_on_error=False, executor='parallel', parallel_workers=8, event_handlers=None, ignore_user_meta=False, metas=['./colcon.meta'], base_paths=['.'], packages_ignore=None, packages_ignore_regex=None, paths=None, packages_up_to=None, packages_up_to_regex=None, packages_above=None, packages_above_and_dependencies=None, packages_above_depth=None, packages_select_by_dep=None, packages_skip_by_dep=None, packages_skip_up_to=None, packages_select_build_failed=False, packages_skip_build_finished=False, packages_select_test_failures=False, packages_skip_test_passed=False, packages_select=None, packages_skip=None, packages_select_regex=None, packages_skip_regex=None, packages_start=None, packages_end=None, allow_overriding=[], cmake_args=None, cmake_target=None, cmake_target_skip_unavailable=False, cmake_clean_cache=False, cmake_clean_first=False, cmake_force_configure=False, ament_cmake_args=None, catkin_cmake_args=None, catkin_skip_building_tests=False, verb_parser=<colcon_defaults.argument_parser.defaults.DefaultArgumentsDecorator object at 0x7121b6d381c0>, verb_extension=<colcon_core.verb.build.BuildVerb object at 0x7121b6ef7c70>, main=<bound method BuildVerb.main of <colcon_core.verb.build.BuildVerb object at 0x7121b6ef7c70>>)
[0.167s] Level 1:colcon.colcon_core.package_discovery:discover_packages(colcon_meta) check parameters
[0.168s] Level 1:colcon.colcon_core.package_discovery:discover_packages(recursive) check parameters
[0.168s] Level 1:colcon.colcon_core.package_discovery:discover_packages(ignore) check parameters
[0.168s] Level 1:colcon.colcon_core.package_discovery:discover_packages(path) check parameters
[0.168s] Level 1:colcon.colcon_core.package_discovery:discover_packages(colcon_meta) discover
[0.168s] Level 1:colcon.colcon_core.package_discovery:discover_packages(recursive) discover
[0.168s] INFO:colcon.colcon_core.package_discovery:Crawling recursively for packages in '/home/yg/follow-cart/v2/follow-cart/follow_cart'
[0.168s] Level 1:colcon.colcon_core.package_identification:_identify(.) by extensions ['ignore', 'ignore_ament_install']
[0.168s] Level 1:colcon.colcon_core.package_identification:_identify(.) by extension 'ignore'
[0.168s] Level 1:colcon.colcon_core.package_identification:_identify(.) by extension 'ignore_ament_install'
[0.168s] Level 1:colcon.colcon_core.package_identification:_identify(.) by extensions ['colcon_pkg']
[0.168s] Level 1:colcon.colcon_core.package_identification:_identify(.) by extension 'colcon_pkg'
[0.168s] Level 1:colcon.colcon_core.package_identification:_identify(.) by extensions ['colcon_meta']
[0.168s] Level 1:colcon.colcon_core.package_identification:_identify(.) by extension 'colcon_meta'
[0.168s] Level 1:colcon.colcon_core.package_identification:_identify(.) by extensions ['ros']
[0.168s] Level 1:colcon.colcon_core.package_identification:_identify(.) by extension 'ros'
[0.177s] DEBUG:colcon.colcon_core.package_identification:Package '.' with type 'ros.ament_python' and name 'follow_cart'
[0.177s] Level 1:colcon.colcon_core.package_discovery:discover_packages(recursive) using defaults
[0.177s] Level 1:colcon.colcon_core.package_discovery:discover_packages(ignore) discover
[0.177s] Level 1:colcon.colcon_core.package_discovery:discover_packages(ignore) using defaults
[0.177s] Level 1:colcon.colcon_core.package_discovery:discover_packages(path) discover
[0.177s] Level 1:colcon.colcon_core.package_discovery:discover_packages(path) using defaults
[0.190s] Level 1:colcon.colcon_core.package_discovery:discover_packages(prefix_path) check parameters
[0.190s] Level 1:colcon.colcon_core.package_discovery:discover_packages(prefix_path) discover
[0.192s] DEBUG:colcon.colcon_installed_package_information.package_discovery:Found 282 installed packages in /opt/ros/iron
[0.200s] Level 1:colcon.colcon_core.package_discovery:discover_packages(prefix_path) using defaults
[0.209s] ERROR:colcon.colcon_core.package_augmentation:Exception in package augmentation extension 'python': 
Traceback (most recent call last):
  File "/usr/lib/python3/dist-packages/colcon_core/package_augmentation/__init__.py", line 97, in augment_packages
    retval = extension.augment_packages(
  File "/usr/lib/python3/dist-packages/colcon_installed_package_information/package_augmentation/python.py", line 44, in augment_packages
    dist = next(iter(dists))
StopIteration

[0.213s] Level 5:colcon.colcon_core.verb:set package 'follow_cart' build argument 'cmake_args' from command line to 'None'
[0.213s] Level 5:colcon.colcon_core.verb:set package 'follow_cart' build argument 'cmake_target' from command line to 'None'
[0.213s] Level 5:colcon.colcon_core.verb:set package 'follow_cart' build argument 'cmake_target_skip_unavailable' from command line to 'False'
[0.213s] Level 5:colcon.colcon_core.verb:set package 'follow_cart' build argument 'cmake_clean_cache' from command line to 'False'
[0.213s] Level 5:colcon.colcon_core.verb:set package 'follow_cart' build argument 'cmake_clean_first' from command line to 'False'
[0.213s] Level 5:colcon.colcon_core.verb:set package 'follow_cart' build argument 'cmake_force_configure' from command line to 'False'
[0.213s] Level 5:colcon.colcon_core.verb:set package 'follow_cart' build argument 'ament_cmake_args' from command line to 'None'
[0.213s] Level 5:colcon.colcon_core.verb:set package 'follow_cart' build argument 'catkin_cmake_args' from command line to 'None'
[0.214s] Level 5:colcon.colcon_core.verb:set package 'follow_cart' build argument 'catkin_skip_building_tests' from command line to 'False'
[0.214s] DEBUG:colcon.colcon_core.verb:Building package 'follow_cart' with the following arguments: {'ament_cmake_args': None, 'build_base': '/home/yg/follow-cart/v2/follow-cart/follow_cart/build/follow_cart', 'catkin_cmake_args': None, 'catkin_skip_building_tests': False, 'cmake_args': None, 'cmake_clean_cache': False, 'cmake_clean_first': False, 'cmake_force_configure': False, 'cmake_target': None, 'cmake_target_skip_unavailable': False, 'install_base': '/home/yg/follow-cart/v2/follow-cart/follow_cart/install/follow_cart', 'merge_install': False, 'path': '/home/yg/follow-cart/v2/follow-cart/follow_cart', 'symlink_install': False, 'test_result_base': None}
[0.214s] INFO:colcon.colcon_core.executor:Executing jobs using 'parallel' executor
[0.214s] DEBUG:colcon.colcon_parallel_executor.executor.parallel:run_until_complete
[0.214s] INFO:colcon.colcon_ros.task.ament_python.build:Building ROS package in '/home/yg/follow-cart/v2/follow-cart/follow_cart' with build type 'ament_python'
[0.215s] Level 1:colcon.colcon_core.shell:create_environment_hook('follow_cart', 'ament_prefix_path')
[0.216s] INFO:colcon.colcon_core.plugin_system:Skipping extension 'colcon_core.shell.bat': Not used on non-Windows systems
[0.216s] INFO:colcon.colcon_core.shell:Creating environment hook '/home/yg/follow-cart/v2/follow-cart/follow_cart/install/follow_cart/share/follow_cart/hook/ament_prefix_path.ps1'
[0.216s] INFO:colcon.colcon_core.shell:Creating environment descriptor '/home/yg/follow-cart/v2/follow-cart/follow_cart/install/follow_cart/share/follow_cart/hook/ament_prefix_path.dsv'
[0.217s] INFO:colcon.colcon_core.shell:Creating environment hook '/home/yg/follow-cart/v2/follow-cart/follow_cart/install/follow_cart/share/follow_cart/hook/ament_prefix_path.sh'
[0.217s] INFO:colcon.colcon_core.shell:Skip shell extension 'powershell' for command environment: Not usable outside of PowerShell
[0.217s] DEBUG:colcon.colcon_core.shell:Skip shell extension 'dsv' for command environment
[0.377s] INFO:colcon.colcon_core.task.python.build:Building Python package in '/home/yg/follow-cart/v2/follow-cart/follow_cart'
[0.377s] INFO:colcon.colcon_core.shell:Skip shell extension 'powershell' for command environment: Not usable outside of PowerShell
[0.377s] DEBUG:colcon.colcon_core.shell:Skip shell extension 'dsv' for command environment
[0.583s] DEBUG:colcon.colcon_core.event_handler.log_command:Invoking command in '/home/yg/follow-cart/v2/follow-cart/follow_cart': PYTHONPATH=/home/yg/follow-cart/v2/follow-cart/follow_cart/build/follow_cart/prefix_override:/home/yg/follow-cart/v2/follow-cart/follow_cart/install/follow_cart/lib/python3.10/site-packages:${PYTHONPATH} /usr/bin/python3 -W ignore:setup.py install is deprecated setup.py egg_info --egg-base build/follow_cart build --build-base /home/yg/follow-cart/v2/follow-cart/follow_cart/build/follow_cart/build install --record /home/yg/follow-cart/v2/follow-cart/follow_cart/build/follow_cart/install.log --single-version-externally-managed install_data
[0.768s] DEBUG:colcon.colcon_core.event_handler.log_command:Invoked command in '/home/yg/follow-cart/v2/follow-cart/follow_cart' returned '0': PYTHONPATH=/home/yg/follow-cart/v2/follow-cart/follow_cart/build/follow_cart/prefix_override:/home/yg/follow-cart/v2/follow-cart/follow_cart/install/follow_cart/lib/python3.10/site-packages:${PYTHONPATH} /usr/bin/python3 -W ignore:setup.py install is deprecated setup.py egg_info --egg-base build/follow_cart build --build-base /home/yg/follow-cart/v2/follow-cart/follow_cart/build/follow_cart/build install --record /home/yg/follow-cart/v2/follow-cart/follow_cart/build/follow_cart/install.log --single-version-externally-managed install_data
[0.770s] Level 1:colcon.colcon_core.environment:checking '/home/yg/follow-cart/v2/follow-cart/follow_cart/install/follow_cart' for CMake module files
[0.770s] Level 1:colcon.colcon_core.environment:checking '/home/yg/follow-cart/v2/follow-cart/follow_cart/install/follow_cart' for CMake config files
[0.771s] Level 1:colcon.colcon_core.environment:checking '/home/yg/follow-cart/v2/follow-cart/follow_cart/install/follow_cart/lib'
[0.771s] Level 1:colcon.colcon_core.environment:checking '/home/yg/follow-cart/v2/follow-cart/follow_cart/install/follow_cart/bin'
[0.771s] Level 1:colcon.colcon_core.environment:checking '/home/yg/follow-cart/v2/follow-cart/follow_cart/install/follow_cart/lib/pkgconfig/follow_cart.pc'
[0.771s] Level 1:colcon.colcon_core.environment:checking '/home/yg/follow-cart/v2/follow-cart/follow_cart/install/follow_cart/lib/python3.10/site-packages'
[0.771s] Level 1:colcon.colcon_core.shell:create_environment_hook('follow_cart', 'pythonpath')
[0.771s] INFO:colcon.colcon_core.shell:Creating environment hook '/home/yg/follow-cart/v2/follow-cart/follow_cart/install/follow_cart/share/follow_cart/hook/pythonpath.ps1'
[0.772s] INFO:colcon.colcon_core.shell:Creating environment descriptor '/home/yg/follow-cart/v2/follow-cart/follow_cart/install/follow_cart/share/follow_cart/hook/pythonpath.dsv'
[0.772s] INFO:colcon.colcon_core.shell:Creating environment hook '/home/yg/follow-cart/v2/follow-cart/follow_cart/install/follow_cart/share/follow_cart/hook/pythonpath.sh'
[0.772s] Level 1:colcon.colcon_core.environment:checking '/home/yg/follow-cart/v2/follow-cart/follow_cart/install/follow_cart/bin'
[0.772s] Level 1:colcon.colcon_core.environment:create_environment_scripts_only(follow_cart)
[0.772s] INFO:colcon.colcon_core.shell:Creating package script '/home/yg/follow-cart/v2/follow-cart/follow_cart/install/follow_cart/share/follow_cart/package.ps1'
[0.773s] INFO:colcon.colcon_core.shell:Creating package descriptor '/home/yg/follow-cart/v2/follow-cart/follow_cart/install/follow_cart/share/follow_cart/package.dsv'
[0.773s] INFO:colcon.colcon_core.shell:Creating package script '/home/yg/follow-cart/v2/follow-cart/follow_cart/install/follow_cart/share/follow_cart/package.sh'
[0.774s] INFO:colcon.colcon_core.shell:Creating package script '/home/yg/follow-cart/v2/follow-cart/follow_cart/install/follow_cart/share/follow_cart/package.bash'
[0.774s] INFO:colcon.colcon_core.shell:Creating package script '/home/yg/follow-cart/v2/follow-cart/follow_cart/install/follow_cart/share/follow_cart/package.zsh'
[0.774s] Level 1:colcon.colcon_core.environment:create_file_with_runtime_dependencies(/home/yg/follow-cart/v2/follow-cart/follow_cart/install/follow_cart/share/colcon-core/packages/follow_cart)
[0.775s] DEBUG:colcon.colcon_parallel_executor.executor.parallel:closing loop
[0.775s] DEBUG:colcon.colcon_parallel_executor.executor.parallel:loop closed
[0.775s] DEBUG:colcon.colcon_parallel_executor.executor.parallel:run_until_complete finished with '0'
[0.775s] DEBUG:colcon.colcon_core.event_reactor:joining thread
[0.778s] INFO:colcon.colcon_core.plugin_system:Skipping extension 'colcon_notification.desktop_notification.terminal_notifier': Not used on non-Darwin systems
[0.778s] INFO:colcon.colcon_core.plugin_system:Skipping extension 'colcon_notification.desktop_notification.win32': Not used on non-Windows systems
[0.778s] INFO:colcon.colcon_notification.desktop_notification:Sending desktop notification using 'notify2'
[0.788s] DEBUG:colcon.colcon_core.event_reactor:joined thread
[0.789s] INFO:colcon.colcon_core.shell:Creating prefix script '/home/yg/follow-cart/v2/follow-cart/follow_cart/install/local_setup.ps1'
[0.789s] INFO:colcon.colcon_core.shell:Creating prefix util module '/home/yg/follow-cart/v2/follow-cart/follow_cart/install/_local_setup_util_ps1.py'
[0.790s] INFO:colcon.colcon_core.shell:Creating prefix chain script '/home/yg/follow-cart/v2/follow-cart/follow_cart/install/setup.ps1'
[0.791s] INFO:colcon.colcon_core.shell:Creating prefix script '/home/yg/follow-cart/v2/follow-cart/follow_cart/install/local_setup.sh'
[0.791s] INFO:colcon.colcon_core.shell:Creating prefix util module '/home/yg/follow-cart/v2/follow-cart/follow_cart/install/_local_setup_util_sh.py'
[0.791s] INFO:colcon.colcon_core.shell:Creating prefix chain script '/home/yg/follow-cart/v2/follow-cart/follow_cart/install/setup.sh'
[0.792s] INFO:colcon.colcon_core.shell:Creating prefix script '/home/yg/follow-cart/v2/follow-cart/follow_cart/install/local_setup.bash'
[0.792s] INFO:colcon.colcon_core.shell:Creating prefix chain script '/home/yg/follow-cart/v2/follow-cart/follow_cart/install/setup.bash'
[0.793s] INFO:colcon.colcon_core.shell:Creating prefix script '/home/yg/follow-cart/v2/follow-cart/follow_cart/install/local_setup.zsh'
[0.793s] INFO:colcon.colcon_core.shell:Creating prefix chain script '/home/yg/follow-cart/v2/follow-cart/follow_cart/install/setup.zsh'
